TN:
SF:src/Gas.sol
FN:116,GasContract.checkForAdmin
FNDA:0,GasContract.checkForAdmin
DA:117,3328
DA:118,3328
DA:119,16640
BRDA:119,0,0,3072
BRDA:119,0,1,16640
DA:120,3072
DA:123,3328
FN:126,GasContract.balanceOf
FNDA:768,GasContract.balanceOf
DA:127,768
FN:130,GasContract.transfer
FNDA:768,GasContract.transfer
DA:135,768
DA:136,768
BRDA:136,1,0,-
BRDA:136,1,1,768
DA:137,768
BRDA:137,2,0,-
BRDA:137,2,1,768
DA:138,768
DA:139,768
DA:140,768
DA:141,768
DA:142,768
DA:144,768
DA:145,768
DA:146,768
DA:147,768
DA:148,768
DA:149,768
DA:150,768
DA:151,768
DA:152,9216
DA:154,768
FN:157,GasContract.addToWhitelist
FNDA:1792,GasContract.addToWhitelist
DA:158,1536
BRDA:158,3,0,-
BRDA:158,3,1,-
DA:159,1280
DA:160,1280
BRDA:160,4,0,-
BRDA:160,4,1,-
DA:161,1021
DA:162,1021
DA:163,259
BRDA:163,5,0,-
BRDA:163,5,1,-
DA:164,133
DA:165,133
DA:166,126
BRDA:166,6,0,-
BRDA:166,6,1,-
DA:167,67
DA:168,67
DA:170,1280
DA:171,1280
BRDA:171,7,0,-
BRDA:171,7,1,-
DA:173,1280
DA:175,1280
FN:178,GasContract.whiteTransfer
FNDA:768,GasContract.whiteTransfer
DA:179,768
DA:180,768
DA:182,768
BRDA:182,8,0,-
BRDA:182,8,1,768
DA:183,768
BRDA:183,9,0,-
BRDA:183,9,1,768
DA:184,768
DA:185,768
DA:186,768
DA:187,768
DA:189,768
FN:192,GasContract.getPaymentStatus
FNDA:256,GasContract.getPaymentStatus
DA:193,256
FNF:6
FNH:5
LF:49
LH:49
BRF:20
BRH:6
end_of_record
TN:
SF:src/Ownable.sol
FN:48,Ownable.owner
FNDA:0,Ownable.owner
DA:49,0
FN:52,Ownable._checkOwner
FNDA:0,Ownable._checkOwner
DA:53,0
BRDA:53,0,0,-
BRDA:53,0,1,-
FN:56,Ownable.transferOwnership
FNDA:0,Ownable.transferOwnership
DA:57,0
BRDA:57,1,0,-
BRDA:57,1,1,-
DA:59,0
FN:62,Ownable._transferOwnership
FNDA:0,Ownable._transferOwnership
DA:63,0
FN:15,Context._msgSender
FNDA:0,Context._msgSender
DA:16,0
FN:19,Context._msgData
FNDA:0,Context._msgData
DA:20,0
FNF:6
FNH:0
LF:7
LH:0
BRF:4
BRH:0
end_of_record
